<?xml version="1.0" encoding="UTF-8"?>
<testng-results ignored="0" total="0" passed="0" failed="0" skipped="0">
  <reporter-output>
  </reporter-output>
  <suite started-at="2022-09-11T21:42:33Z" name="TestRunner" finished-at="2022-09-11T21:42:33Z" duration-ms="1">
    <groups>
    </groups>
    <test started-at="2022-09-11T21:42:33Z" name="Command line test" finished-at="2022-09-11T21:42:33Z" duration-ms="1">
    </test> <!-- Command line test -->
  </suite> <!-- TestRunner -->
</testng-results>
